<?xml version="1.0" encoding="UTF-8"?>
<testng-results ignored="0" total="1" passed="1" failed="0" skipped="0">
  <reporter-output>
  </reporter-output>
  <suite started-at="2023-03-29T23:56:41 EDT" name="Default suite" finished-at="2023-03-29T23:56:44 EDT" duration-ms="2960">
    <groups>
    </groups>
    <test started-at="2023-03-29T23:56:41 EDT" name="Default test" finished-at="2023-03-29T23:56:44 EDT" duration-ms="2960">
      <class name="testCase.ReadAllProducts">
        <test-method signature="readAllProducts()[pri:0, instance:testCase.ReadAllProducts@6b26e945]" started-at="2023-03-29T23:56:41 EDT" name="readAllProducts" finished-at="2023-03-29T23:56:44 EDT" duration-ms="2936" status="PASS">
          <reporter-output>
          </reporter-output>
        </test-method> <!-- readAllProducts -->
      </class> <!-- testCase.ReadAllProducts -->
    </test> <!-- Default test -->
  </suite> <!-- Default suite -->
</testng-results>
